<?xml version="1.0" encoding="UTF-8"?>
<!-- Generated by org.testng.reporters.JUnitXMLReporter -->
<testsuite hostname="DESKTOP-RESTA8A" ignored="0" name="Add Customer Test" tests="1" failures="1" timestamp="14 Feb 2019 08:25:34 GMT" time="1.726" errors="0">
  <testcase name="addCustomerTest" time="1.197" classname="com.XXX.TestCases.AddCustomerTest">
    <failure type="java.lang.AssertionError" message="Customer not added successfully">
      <![CDATA[java.lang.AssertionError: Customer not added successfully
	at com.XXX.TestCases.AddCustomerTest.addCustomerTest(AddCustomerTest.java:36)
... Removed 26 stack frames]]>
    </failure>
  </testcase> <!-- addCustomerTest -->
</testsuite> <!-- Add Customer Test -->
