<?xml version="1.0" encoding="UTF-8"?>
<!-- Generated by org.testng.reporters.JUnitXMLReporter -->
<testsuite hostname="DESKTOP-RESTA8A" ignored="0" name="Add Customer Test" tests="2" failures="1" timestamp="11 Jun 2019 13:32:48 GMT" time="13.793" errors="0">
  <testcase name="addCustomerTest" time="13.558" classname="com.XXX.TestCases.AddCustomerTest">
    <failure type="java.lang.NullPointerException">
      <![CDATA[java.lang.NullPointerException
	at java.lang.String.contains(String.java:2133)
	at com.XXX.TestCases.AddCustomerTest.addCustomerTest(AddCustomerTest.java:44)
... Removed 25 stack frames]]>
    </failure>
  </testcase> <!-- addCustomerTest -->
  <testcase name="addCustomerTest" time="0.004" classname="com.XXX.TestCases.AddCustomerTest">
    <skipped/>
  </testcase> <!-- addCustomerTest -->
</testsuite> <!-- Add Customer Test -->
