<?xml version="1.0" encoding="UTF-8"?>
<!-- Generated by org.testng.reporters.JUnitXMLReporter -->
<testsuite hostname="DESKTOP-RESTA8A" ignored="0" name="Bank Manager Login Test" tests="1" failures="1" timestamp="14 Feb 2019 08:25:32 GMT" time="4.83" errors="0">
  <testcase name="loginAsBankManager" time="4.042" classname="com.XXX.TestCases.BankManagerLoginTest">
    <failure type="java.lang.AssertionError" message="Login not successful">
      <![CDATA[java.lang.AssertionError: Login not successful
	at com.XXX.TestCases.BankManagerLoginTest.loginAsBankManager(BankManagerLoginTest.java:30)
... Removed 26 stack frames]]>
    </failure>
  </testcase> <!-- loginAsBankManager -->
</testsuite> <!-- Bank Manager Login Test -->
