<?xml version="1.0" encoding="UTF-8"?>
<!-- Generated by org.testng.reporters.JUnitXMLReporter -->
<testsuite hostname="DESKTOP-RESTA8A" ignored="8" name="Command line test" tests="3" failures="2" timestamp="14 Feb 2019 08:24:33 GMT" time="3.224" errors="0">
  <testcase name="addCustomerTest" time="2.825" classname="com.XXX.TestCases.AddCustomerTest">
    <failure type="java.lang.NullPointerException">
      <![CDATA[java.lang.NullPointerException
	at com.XXX.Base.TestBase.click(TestBase.java:126)
	at com.XXX.TestCases.AddCustomerTest.addCustomerTest(AddCustomerTest.java:19)
... Removed 35 stack frames]]>
    </failure>
  </testcase> <!-- addCustomerTest -->
  <testcase name="loginAsBankManager" time="0.358" classname="com.XXX.TestCases.BankManagerLoginTest">
    <failure type="java.lang.NullPointerException">
      <![CDATA[java.lang.NullPointerException
	at com.XXX.Base.TestBase.verifyEquals(TestBase.java:172)
	at com.XXX.TestCases.BankManagerLoginTest.loginAsBankManager(BankManagerLoginTest.java:21)
... Removed 35 stack frames]]>
    </failure>
  </testcase> <!-- loginAsBankManager -->
  <testcase name="openAccountTest" time="0.0" classname="com.XXX.TestCases.OpenAccountTest"/>
  <testcase name="@BeforeSuite setup" time="0.0" classname="com.XXX.Base.TestBase">
    <ignored/>
  </testcase> <!-- @BeforeSuite setup -->
  <testcase name="@BeforeSuite setup" time="0.0" classname="com.XXX.Base.TestBase">
    <ignored/>
  </testcase> <!-- @BeforeSuite setup -->
  <testcase name="@BeforeSuite setup" time="0.0" classname="com.XXX.Base.TestBase">
    <ignored/>
  </testcase> <!-- @BeforeSuite setup -->
  <testcase name="@BeforeSuite setup" time="0.0" classname="com.XXX.Base.TestBase">
    <ignored/>
  </testcase> <!-- @BeforeSuite setup -->
  <testcase name="@AfterSuite tearDown" time="0.0" classname="com.XXX.Base.TestBase">
    <ignored/>
  </testcase> <!-- @AfterSuite tearDown -->
  <testcase name="@AfterSuite tearDown" time="0.0" classname="com.XXX.Base.TestBase">
    <ignored/>
  </testcase> <!-- @AfterSuite tearDown -->
  <testcase name="@AfterSuite tearDown" time="0.0" classname="com.XXX.Base.TestBase">
    <ignored/>
  </testcase> <!-- @AfterSuite tearDown -->
  <testcase name="@AfterSuite tearDown" time="0.0" classname="com.XXX.Base.TestBase">
    <ignored/>
  </testcase> <!-- @AfterSuite tearDown -->
</testsuite> <!-- Command line test -->
