<?xml version="1.0" encoding="UTF-8" ?>
<testsuite tests="4" failures="2" name="TestSuite" time="28.324" errors="0" skipped="2">
  <properties>
[...]
</properties>
  <testcase classname="com.XXX.TestCases.AddCustomerTest" name="addCustomerTest" time="28.173">
    <failure message="Unable to locate element: {&quot;method&quot;:&quot;xpath&quot;,&quot;selector&quot;:&quot;//button[@class=&apos;btn btn-lg tab&apos;][@ng-click=&apos;addCust()&apos;]&quot;}
Command duration or timeout: 0 milliseconds" type="org.openqa.selenium.NoSuchElementException">org.openqa.selenium.NoSuchElementException: Unable to locate element: {&quot;method&quot;:&quot;xpath&quot;,&quot;selector&quot;:&quot;//button[@class=&apos;btn btn-lg tab&apos;][@ng-click=&apos;addCust()&apos;]&quot;}
Command duration or timeout: 0 milliseconds
	at sun.reflect.NativeConstructorAccessorImpl.newInstance0(Native Method)
	at sun.reflect.NativeConstructorAccessorImpl.newInstance(NativeConstructorAccessorImpl.java:62)
	at sun.reflect.DelegatingConstructorAccessorImpl.newInstance(DelegatingConstructorAccessorImpl.java:45)
	at java.lang.reflect.Constructor.newInstance(Constructor.java:423)
	at org.openqa.selenium.remote.ErrorHandler.createThrowable(ErrorHandler.java:214)
	at org.openqa.selenium.remote.ErrorHandler.throwIfResponseFailed(ErrorHandler.java:166)
	at org.openqa.selenium.remote.http.JsonHttpResponseCodec.reconstructValue(JsonHttpResponseCodec.java:40)
	at org.openqa.selenium.remote.http.AbstractHttpResponseCodec.decode(AbstractHttpResponseCodec.java:80)
	at org.openqa.selenium.remote.http.AbstractHttpResponseCodec.decode(AbstractHttpResponseCodec.java:44)
	at org.openqa.selenium.remote.HttpCommandExecutor.execute(HttpCommandExecutor.java:160)
	at org.openqa.selenium.remote.service.DriverCommandExecutor.execute(DriverCommandExecutor.java:83)
	at org.openqa.selenium.remote.RemoteWebDriver.execute(RemoteWebDriver.java:601)
	at org.openqa.selenium.remote.RemoteWebDriver.findElement(RemoteWebDriver.java:371)
	at org.openqa.selenium.remote.RemoteWebDriver.findElementByXPath(RemoteWebDriver.java:473)
	at org.openqa.selenium.By$ByXPath.findElement(By.java:361)
	at org.openqa.selenium.remote.RemoteWebDriver.findElement(RemoteWebDriver.java:363)
	at com.XXX.Base.TestBase.click(TestBase.java:136)
	at com.XXX.TestCases.AddCustomerTest.addCustomerTest(AddCustomerTest.java:28)
Caused by: org.openqa.selenium.NoSuchElementException: Unable to locate element: {&quot;method&quot;:&quot;xpath&quot;,&quot;selector&quot;:&quot;//button[@class=&apos;btn btn-lg tab&apos;][@ng-click=&apos;addCust()&apos;]&quot;}
For documentation on this error, please visit: http://seleniumhq.org/exceptions/no_such_element.html
Build info: version: &apos;3.9.1&apos;, revision: &apos;63f7b50&apos;, time: &apos;2018-02-07T22:25:02.294Z&apos;
System info: host: &apos;DESKTOP-RESTA8A&apos;, ip: &apos;192.168.0.2&apos;, os.name: &apos;Windows 10&apos;, os.arch: &apos;amd64&apos;, os.version: &apos;10.0&apos;, java.version: &apos;1.8.0_192&apos;
Driver info: driver.version: unknown
	at &lt;anonymous class&gt;.FirefoxDriver.prototype.findElementInternal_(file:///C:/Users/SUSHMA~1/AppData/Local/Temp/anonymous7709234547448786934webdriver-profile/extensions/fxdriver@googlecode.com/components/driver-component.js:11884)
	at &lt;anonymous class&gt;.fxdriver.Timer.prototype.setTimeout/&lt;.notify(file:///C:/Users/SUSHMA~1/AppData/Local/Temp/anonymous7709234547448786934webdriver-profile/extensions/fxdriver@googlecode.com/components/driver-component.js:918)
</failure>
    <system-out>Configuring TestNG with: org.apache.maven.surefire.testng.conf.TestNG652Configurator@4ac68d3e
</system-out>
    <system-err>Jun 11, 2019 11:30:15 PM org.openqa.selenium.remote.ProtocolHandshake createSession
INFO: Detected dialect: OSS
</system-err>
  </testcase>
  <testcase classname="com.XXX.TestCases.AddCustomerTest" name="addCustomerTest" time="0">
    <skipped/>
  </testcase>
  <testcase classname="com.XXX.TestCases.BankManagerLoginTest" name="bankManagerLoginTest" time="0.15">
    <failure type="java.lang.NullPointerException">java.lang.NullPointerException
	at com.XXX.Base.TestBase.verifyEquals(TestBase.java:207)
	at com.XXX.TestCases.BankManagerLoginTest.bankManagerLoginTest(BankManagerLoginTest.java:21)
</failure>
  </testcase>
  <testcase classname="com.XXX.TestCases.OpenAccountTest" name="openAccountTest" time="0.001">
    <skipped/>
  </testcase>
</testsuite>