<?xml version="1.0" encoding="UTF-8" ?>
<testsuite tests="3" failures="2" name="TestSuite" time="3.183" errors="0" skipped="0">
  <properties>
[...]
</properties>
  <testcase classname="com.XXX.TestCases.AddCustomerTest" name="addCustomerTest" time="2.832">
    <failure type="java.lang.NullPointerException">java.lang.NullPointerException
	at com.XXX.Base.TestBase.click(TestBase.java:126)
	at com.XXX.TestCases.AddCustomerTest.addCustomerTest(AddCustomerTest.java:19)
</failure>
    <system-out>Configuring TestNG with: org.apache.maven.surefire.testng.conf.TestNG652Configurator@6a38e57f
</system-out>
    <system-err>log4j:WARN No appenders could be found for logger (devpinoyLogger).
log4j:WARN Please initialize the log4j system properly.
log4j:WARN See http://logging.apache.org/log4j/1.2/faq.html#noconfig for more info.
Starting ChromeDriver 2.45.615291 (ec3682e3c9061c10f26ea9e5cdcf3c53f3f74387) on port 24200
Only local connections are allowed.
Feb 14, 2019 7:24:24 PM org.openqa.selenium.remote.ProtocolHandshake createSession
INFO: Detected dialect: OSS
</system-err>
  </testcase>
  <testcase classname="com.XXX.TestCases.BankManagerLoginTest" name="loginAsBankManager" time="0.351">
    <failure type="java.lang.NullPointerException">java.lang.NullPointerException
	at com.XXX.Base.TestBase.verifyEquals(TestBase.java:172)
	at com.XXX.TestCases.BankManagerLoginTest.loginAsBankManager(BankManagerLoginTest.java:21)
</failure>
  </testcase>
  <testcase classname="com.XXX.TestCases.OpenAccountTest" name="openAccountTest" time="0"/>
</testsuite>